[0.100s] DEBUG:colcon:Command line arguments: ['/usr/bin/colcon', 'build', '--symlink-install']
[0.100s] DEBUG:colcon:Parsed command line arguments: Namespace(log_base=None, log_level=None, verb_name='build', build_base='build', install_base='install', merge_install=False, symlink_install=True, test_result_base=None, continue_on_error=False, executor='parallel', parallel_workers=16, event_handlers=None, ignore_user_meta=False, metas=['./colcon.meta'], base_paths=['.'], packages_ignore=None, packages_ignore_regex=None, paths=None, packages_up_to=None, packages_up_to_regex=None, packages_above=None, packages_above_and_dependencies=None, packages_above_depth=None, packages_select_by_dep=None, packages_skip_by_dep=None, packages_skip_up_to=None, packages_select_build_failed=False, packages_skip_build_finished=False, packages_select_test_failures=False, packages_skip_test_passed=False, packages_select=None, packages_skip=None, packages_select_regex=None, packages_skip_regex=None, packages_start=None, packages_end=None, cmake_args=None, cmake_target=None, cmake_target_skip_unavailable=False, cmake_clean_cache=False, cmake_clean_first=False, cmake_force_configure=False, ament_cmake_args=None, catkin_cmake_args=None, catkin_skip_building_tests=False, mixin_files=None, mixin=None, verb_parser=<colcon_mixin.mixin.mixin_argument.MixinArgumentDecorator object at 0x733a6d881120>, verb_extension=<colcon_core.verb.build.BuildVerb object at 0x733a6da32b90>, main=<bound method BuildVerb.main of <colcon_core.verb.build.BuildVerb object at 0x733a6da32b90>>, mixin_verb=('build',))
[0.235s] Level 1:colcon.colcon_core.package_discovery:discover_packages(colcon_meta) check parameters
[0.236s] INFO:colcon.colcon_metadata.package_discovery.colcon_meta:Using configuration from '/root/.colcon/metadata/default/Gazebo.meta'
[0.236s] INFO:colcon.colcon_metadata.package_discovery.colcon_meta:Using configuration from '/root/.colcon/metadata/default/fastrtps.meta'
[0.236s] Level 1:colcon.colcon_core.package_discovery:discover_packages(recursive) check parameters
[0.236s] Level 1:colcon.colcon_core.package_discovery:discover_packages(ignore) check parameters
[0.236s] Level 1:colcon.colcon_core.package_discovery:discover_packages(path) check parameters
[0.236s] Level 1:colcon.colcon_core.package_discovery:discover_packages(colcon_meta) discover
[0.236s] Level 1:colcon.colcon_core.package_discovery:discover_packages(recursive) discover
[0.236s] INFO:colcon.colcon_core.package_discovery:Crawling recursively for packages in '/home/ros2_ws/server_turtlebot/server_turtle'
[0.236s] Level 1:colcon.colcon_core.package_identification:_identify(.) by extensions ['ignore', 'ignore_ament_install']
[0.237s] Level 1:colcon.colcon_core.package_identification:_identify(.) by extension 'ignore'
[0.237s] Level 1:colcon.colcon_core.package_identification:_identify(.) by extension 'ignore_ament_install'
[0.237s] Level 1:colcon.colcon_core.package_identification:_identify(.) by extensions ['colcon_pkg']
[0.237s] Level 1:colcon.colcon_core.package_identification:_identify(.) by extension 'colcon_pkg'
[0.237s] Level 1:colcon.colcon_core.package_identification:_identify(.) by extensions ['colcon_meta']
[0.237s] Level 1:colcon.colcon_core.package_identification:_identify(.) by extension 'colcon_meta'
[0.237s] Level 1:colcon.colcon_core.package_identification:_identify(.) by extensions ['ros']
[0.237s] Level 1:colcon.colcon_core.package_identification:_identify(.) by extension 'ros'
[0.249s] DEBUG:colcon.colcon_core.package_identification:Package '.' with type 'ros.ament_python' and name 'server_turtle'
[0.249s] Level 1:colcon.colcon_core.package_discovery:discover_packages(recursive) using defaults
[0.249s] Level 1:colcon.colcon_core.package_discovery:discover_packages(ignore) discover
[0.249s] Level 1:colcon.colcon_core.package_discovery:discover_packages(ignore) using defaults
[0.249s] Level 1:colcon.colcon_core.package_discovery:discover_packages(path) discover
[0.249s] Level 1:colcon.colcon_core.package_discovery:discover_packages(path) using defaults
[0.265s] Level 5:colcon.colcon_core.verb:set package 'server_turtle' build argument 'cmake_args' from command line to 'None'
[0.265s] Level 5:colcon.colcon_core.verb:set package 'server_turtle' build argument 'cmake_target' from command line to 'None'
[0.265s] Level 5:colcon.colcon_core.verb:set package 'server_turtle' build argument 'cmake_target_skip_unavailable' from command line to 'False'
[0.265s] Level 5:colcon.colcon_core.verb:set package 'server_turtle' build argument 'cmake_clean_cache' from command line to 'False'
[0.265s] Level 5:colcon.colcon_core.verb:set package 'server_turtle' build argument 'cmake_clean_first' from command line to 'False'
[0.265s] Level 5:colcon.colcon_core.verb:set package 'server_turtle' build argument 'cmake_force_configure' from command line to 'False'
[0.265s] Level 5:colcon.colcon_core.verb:set package 'server_turtle' build argument 'ament_cmake_args' from command line to 'None'
[0.265s] Level 5:colcon.colcon_core.verb:set package 'server_turtle' build argument 'catkin_cmake_args' from command line to 'None'
[0.265s] Level 5:colcon.colcon_core.verb:set package 'server_turtle' build argument 'catkin_skip_building_tests' from command line to 'False'
[0.265s] DEBUG:colcon.colcon_core.verb:Building package 'server_turtle' with the following arguments: {'ament_cmake_args': None, 'build_base': '/home/ros2_ws/server_turtlebot/server_turtle/build/server_turtle', 'catkin_cmake_args': None, 'catkin_skip_building_tests': False, 'cmake_args': None, 'cmake_clean_cache': False, 'cmake_clean_first': False, 'cmake_force_configure': False, 'cmake_target': None, 'cmake_target_skip_unavailable': False, 'install_base': '/home/ros2_ws/server_turtlebot/server_turtle/install/server_turtle', 'merge_install': False, 'path': '/home/ros2_ws/server_turtlebot/server_turtle', 'symlink_install': True, 'test_result_base': None}
[0.266s] INFO:colcon.colcon_core.executor:Executing jobs using 'parallel' executor
[0.266s] DEBUG:colcon.colcon_parallel_executor.executor.parallel:run_until_complete
[0.267s] INFO:colcon.colcon_ros.task.ament_python.build:Building ROS package in '/home/ros2_ws/server_turtlebot/server_turtle' with build type 'ament_python'
[0.267s] Level 1:colcon.colcon_core.shell:create_environment_hook('server_turtle', 'ament_prefix_path')
[0.268s] INFO:colcon.colcon_core.plugin_system:Skipping extension 'colcon_core.shell.bat': Not used on non-Windows systems
[0.269s] INFO:colcon.colcon_core.shell:Creating environment hook '/home/ros2_ws/server_turtlebot/server_turtle/install/server_turtle/share/server_turtle/hook/ament_prefix_path.ps1'
[0.269s] INFO:colcon.colcon_core.shell:Creating environment descriptor '/home/ros2_ws/server_turtlebot/server_turtle/install/server_turtle/share/server_turtle/hook/ament_prefix_path.dsv'
[0.270s] INFO:colcon.colcon_core.shell:Creating environment hook '/home/ros2_ws/server_turtlebot/server_turtle/install/server_turtle/share/server_turtle/hook/ament_prefix_path.sh'
[0.270s] INFO:colcon.colcon_core.shell:Skip shell extension 'powershell' for command environment: Not usable outside of PowerShell
[0.270s] DEBUG:colcon.colcon_core.shell:Skip shell extension 'dsv' for command environment
[0.520s] INFO:colcon.colcon_core.task.python.build:Building Python package in '/home/ros2_ws/server_turtlebot/server_turtle'
[0.521s] INFO:colcon.colcon_core.shell:Skip shell extension 'powershell' for command environment: Not usable outside of PowerShell
[0.521s] DEBUG:colcon.colcon_core.shell:Skip shell extension 'dsv' for command environment
[0.853s] DEBUG:colcon.colcon_core.event_handler.log_command:Invoking command in '/home/ros2_ws/server_turtlebot/server_turtle/build/server_turtle': PYTHONPATH=/home/ros2_ws/server_turtlebot/server_turtle/build/server_turtle/prefix_override:/usr/lib/python3/dist-packages/colcon_core/task/python/colcon_distutils_commands:/home/ros2_ws/server_turtlebot/server_turtle/install/server_turtle/lib/python3.10/site-packages:${PYTHONPATH} /usr/bin/python3 -W ignore:setup.py install is deprecated setup.py develop --editable --build-directory /home/ros2_ws/server_turtlebot/server_turtle/build/server_turtle/build --no-deps symlink_data
[1.222s] Level 1:colcon.colcon_core.shell:create_environment_hook('server_turtle', 'pythonpath_develop')
[1.222s] DEBUG:colcon.colcon_core.event_handler.log_command:Invoked command in '/home/ros2_ws/server_turtlebot/server_turtle/build/server_turtle' returned '0': PYTHONPATH=/home/ros2_ws/server_turtlebot/server_turtle/build/server_turtle/prefix_override:/usr/lib/python3/dist-packages/colcon_core/task/python/colcon_distutils_commands:/home/ros2_ws/server_turtlebot/server_turtle/install/server_turtle/lib/python3.10/site-packages:${PYTHONPATH} /usr/bin/python3 -W ignore:setup.py install is deprecated setup.py develop --editable --build-directory /home/ros2_ws/server_turtlebot/server_turtle/build/server_turtle/build --no-deps symlink_data
[1.223s] INFO:colcon.colcon_core.shell:Creating environment hook '/home/ros2_ws/server_turtlebot/server_turtle/build/server_turtle/share/server_turtle/hook/pythonpath_develop.ps1'
[1.223s] INFO:colcon.colcon_core.shell:Creating environment descriptor '/home/ros2_ws/server_turtlebot/server_turtle/build/server_turtle/share/server_turtle/hook/pythonpath_develop.dsv'
[1.223s] INFO:colcon.colcon_core.shell:Creating environment hook '/home/ros2_ws/server_turtlebot/server_turtle/build/server_turtle/share/server_turtle/hook/pythonpath_develop.sh'
[1.225s] Level 1:colcon.colcon_core.environment:checking '/home/ros2_ws/server_turtlebot/server_turtle/install/server_turtle' for CMake module files
[1.226s] Level 1:colcon.colcon_core.environment:checking '/home/ros2_ws/server_turtlebot/server_turtle/install/server_turtle' for CMake config files
[1.226s] Level 1:colcon.colcon_core.environment:checking '/home/ros2_ws/server_turtlebot/server_turtle/install/server_turtle/lib'
[1.226s] Level 1:colcon.colcon_core.environment:checking '/home/ros2_ws/server_turtlebot/server_turtle/install/server_turtle/bin'
[1.226s] Level 1:colcon.colcon_core.environment:checking '/home/ros2_ws/server_turtlebot/server_turtle/install/server_turtle/lib/pkgconfig/server_turtle.pc'
[1.226s] Level 1:colcon.colcon_core.environment:checking '/home/ros2_ws/server_turtlebot/server_turtle/install/server_turtle/lib/python3.10/site-packages'
[1.226s] Level 1:colcon.colcon_core.shell:create_environment_hook('server_turtle', 'pythonpath')
[1.226s] INFO:colcon.colcon_core.shell:Creating environment hook '/home/ros2_ws/server_turtlebot/server_turtle/install/server_turtle/share/server_turtle/hook/pythonpath.ps1'
[1.227s] INFO:colcon.colcon_core.shell:Creating environment descriptor '/home/ros2_ws/server_turtlebot/server_turtle/install/server_turtle/share/server_turtle/hook/pythonpath.dsv'
[1.227s] INFO:colcon.colcon_core.shell:Creating environment hook '/home/ros2_ws/server_turtlebot/server_turtle/install/server_turtle/share/server_turtle/hook/pythonpath.sh'
[1.228s] Level 1:colcon.colcon_core.environment:checking '/home/ros2_ws/server_turtlebot/server_turtle/install/server_turtle/bin'
[1.228s] Level 1:colcon.colcon_core.environment:create_environment_scripts_only(server_turtle)
[1.228s] INFO:colcon.colcon_core.shell:Creating package script '/home/ros2_ws/server_turtlebot/server_turtle/install/server_turtle/share/server_turtle/package.ps1'
[1.228s] INFO:colcon.colcon_core.shell:Creating package descriptor '/home/ros2_ws/server_turtlebot/server_turtle/install/server_turtle/share/server_turtle/package.dsv'
[1.229s] INFO:colcon.colcon_core.shell:Creating package script '/home/ros2_ws/server_turtlebot/server_turtle/install/server_turtle/share/server_turtle/package.sh'
[1.229s] INFO:colcon.colcon_core.shell:Creating package script '/home/ros2_ws/server_turtlebot/server_turtle/install/server_turtle/share/server_turtle/package.bash'
[1.230s] INFO:colcon.colcon_core.shell:Creating package script '/home/ros2_ws/server_turtlebot/server_turtle/install/server_turtle/share/server_turtle/package.zsh'
[1.230s] Level 1:colcon.colcon_core.environment:create_file_with_runtime_dependencies(/home/ros2_ws/server_turtlebot/server_turtle/install/server_turtle/share/colcon-core/packages/server_turtle)
[1.231s] DEBUG:colcon.colcon_parallel_executor.executor.parallel:closing loop
[1.231s] DEBUG:colcon.colcon_parallel_executor.executor.parallel:loop closed
[1.231s] DEBUG:colcon.colcon_parallel_executor.executor.parallel:run_until_complete finished with '0'
[1.231s] DEBUG:colcon.colcon_core.event_reactor:joining thread
[1.242s] INFO:colcon.colcon_core.plugin_system:Skipping extension 'colcon_notification.desktop_notification.notify_send': Could not find 'notify-send'
[1.242s] INFO:colcon.colcon_core.plugin_system:Skipping extension 'colcon_notification.desktop_notification.terminal_notifier': Not used on non-Darwin systems
[1.242s] INFO:colcon.colcon_core.plugin_system:Skipping extension 'colcon_notification.desktop_notification.win32': Not used on non-Windows systems
[1.242s] INFO:colcon.colcon_notification.desktop_notification:Sending desktop notification using 'notify2'
[1.249s] DEBUG:colcon.colcon_notification.desktop_notification.notify2:Failed to initialize notify2: org.freedesktop.DBus.Error.Spawn.ExecFailed: /usr/bin/dbus-launch terminated abnormally without any error message
[1.249s] DEBUG:colcon.colcon_core.event_reactor:joined thread
[1.250s] INFO:colcon.colcon_core.shell:Creating prefix script '/home/ros2_ws/server_turtlebot/server_turtle/install/local_setup.ps1'
[1.252s] INFO:colcon.colcon_core.shell:Creating prefix util module '/home/ros2_ws/server_turtlebot/server_turtle/install/_local_setup_util_ps1.py'
[1.254s] INFO:colcon.colcon_core.shell:Creating prefix chain script '/home/ros2_ws/server_turtlebot/server_turtle/install/setup.ps1'
[1.257s] INFO:colcon.colcon_core.shell:Creating prefix script '/home/ros2_ws/server_turtlebot/server_turtle/install/local_setup.sh'
[1.258s] INFO:colcon.colcon_core.shell:Creating prefix util module '/home/ros2_ws/server_turtlebot/server_turtle/install/_local_setup_util_sh.py'
[1.259s] INFO:colcon.colcon_core.shell:Creating prefix chain script '/home/ros2_ws/server_turtlebot/server_turtle/install/setup.sh'
[1.260s] INFO:colcon.colcon_core.shell:Creating prefix script '/home/ros2_ws/server_turtlebot/server_turtle/install/local_setup.bash'
[1.264s] INFO:colcon.colcon_core.shell:Creating prefix chain script '/home/ros2_ws/server_turtlebot/server_turtle/install/setup.bash'
[1.265s] INFO:colcon.colcon_core.shell:Creating prefix script '/home/ros2_ws/server_turtlebot/server_turtle/install/local_setup.zsh'
[1.266s] INFO:colcon.colcon_core.shell:Creating prefix chain script '/home/ros2_ws/server_turtlebot/server_turtle/install/setup.zsh'
