[0.660s] Invoking command in '/home/ros2_ws/server_turtlebot/server_turtle/build/server_turtle': PYTHONPATH=/home/ros2_ws/server_turtlebot/server_turtle/build/server_turtle/prefix_override:/usr/lib/python3/dist-packages/colcon_core/task/python/colcon_distutils_commands:/home/ros2_ws/server_turtlebot/server_turtle/install/server_turtle/lib/python3.10/site-packages:${PYTHONPATH} /usr/bin/python3 -W ignore:setup.py install is deprecated setup.py develop --editable --build-directory /home/ros2_ws/server_turtlebot/server_turtle/build/server_turtle/build --no-deps symlink_data
[0.929s] running develop
[0.930s] /usr/local/lib/python3.10/dist-packages/setuptools/command/develop.py:41: EasyInstallDeprecationWarning: easy_install command is deprecated.
[0.930s] !!
[0.930s] 
[0.930s]         ********************************************************************************
[0.930s]         Please avoid running ``setup.py`` and ``easy_install``.
[0.930s]         Instead, use pypa/build, pypa/installer or other
[0.930s]         standards-based tools.
[0.930s] 
[0.930s]         See https://github.com/pypa/setuptools/issues/917 for details.
[0.930s]         ********************************************************************************
[0.931s] 
[0.931s] !!
[0.931s]   easy_install.initialize_options(self)
[0.942s] Traceback (most recent call last):
[0.942s]   File "/home/ros2_ws/server_turtlebot/server_turtle/build/server_turtle/setup.py", line 5, in <module>
[0.942s]     setup(
[0.942s]   File "/usr/local/lib/python3.10/dist-packages/setuptools/__init__.py", line 117, in setup
[0.942s]     return distutils.core.setup(**attrs)
[0.942s]   File "/usr/local/lib/python3.10/dist-packages/setuptools/_distutils/core.py", line 186, in setup
[0.942s]     return run_commands(dist)
[0.943s]   File "/usr/local/lib/python3.10/dist-packages/setuptools/_distutils/core.py", line 202, in run_commands
[0.943s]     dist.run_commands()
[0.943s]   File "/usr/local/lib/python3.10/dist-packages/setuptools/_distutils/dist.py", line 983, in run_commands
[0.943s]     self.run_command(cmd)
[0.943s]   File "/usr/local/lib/python3.10/dist-packages/setuptools/dist.py", line 999, in run_command
[0.943s]     super().run_command(command)
[0.943s]   File "/usr/local/lib/python3.10/dist-packages/setuptools/_distutils/dist.py", line 1001, in run_command
[0.943s]     cmd_obj.ensure_finalized()
[0.943s]   File "/usr/local/lib/python3.10/dist-packages/setuptools/_distutils/cmd.py", line 124, in ensure_finalized
[0.943s]     self.finalize_options()
[0.943s]   File "/usr/local/lib/python3.10/dist-packages/setuptools/command/develop.py", line 51, in finalize_options
[0.944s]     easy_install.finalize_options(self)
[0.944s]   File "/usr/local/lib/python3.10/dist-packages/setuptools/command/easy_install.py", line 251, in finalize_options
[0.944s]     'dist_fullname': self.distribution.get_fullname(),
[0.944s]   File "/usr/local/lib/python3.10/dist-packages/setuptools/_core_metadata.py", line 272, in get_fullname
[0.944s]     return _distribution_fullname(self.get_name(), self.get_version())
[0.944s]   File "/usr/local/lib/python3.10/dist-packages/setuptools/_core_metadata.py", line 290, in _distribution_fullname
[0.944s]     canonicalize_version(version, strip_trailing_zero=False),
[0.944s] TypeError: canonicalize_version() got an unexpected keyword argument 'strip_trailing_zero'
[0.974s] Invoked command in '/home/ros2_ws/server_turtlebot/server_turtle/build/server_turtle' returned '1': PYTHONPATH=/home/ros2_ws/server_turtlebot/server_turtle/build/server_turtle/prefix_override:/usr/lib/python3/dist-packages/colcon_core/task/python/colcon_distutils_commands:/home/ros2_ws/server_turtlebot/server_turtle/install/server_turtle/lib/python3.10/site-packages:${PYTHONPATH} /usr/bin/python3 -W ignore:setup.py install is deprecated setup.py develop --editable --build-directory /home/ros2_ws/server_turtlebot/server_turtle/build/server_turtle/build --no-deps symlink_data
